{"level":"\u001b[32minfo\u001b[39m","message":"{\"method\":\"POST\",\"url\":\"/api/v1/users/sign-in\",\"status\":\"500\",\"responseTime\":\"1065.006\"}","timestamp":"2024-07-22T11:25:24.049Z"}
{"level":"\u001b[32minfo\u001b[39m","message":"{\"method\":\"POST\",\"url\":\"/api/v1/users/sign-in\",\"status\":\"200\",\"responseTime\":\"885.841\"}","timestamp":"2024-07-22T11:27:08.912Z"}
{"level":"\u001b[32minfo\u001b[39m","message":"{\"method\":\"POST\",\"url\":\"/api/v1/users/login\",\"status\":\"200\",\"responseTime\":\"548.771\"}","timestamp":"2024-07-22T11:27:20.212Z"}
{"level":"\u001b[32minfo\u001b[39m","message":"{\"method\":\"PATCH\",\"url\":\"/api/v1/user-profile/2\",\"status\":\"200\",\"responseTime\":\"19953.660\"}","timestamp":"2024-07-22T11:28:22.912Z"}
{"level":"\u001b[32minfo\u001b[39m","message":"{\"method\":\"GET\",\"url\":\"/api/v1/user-profile/2\",\"status\":\"200\",\"responseTime\":\"552.872\"}","timestamp":"2024-07-22T11:33:57.159Z"}
{"level":"\u001b[32minfo\u001b[39m","message":"{\"method\":\"GET\",\"url\":\"/api/v1/user-profile/2\",\"status\":\"200\",\"responseTime\":\"1134.997\"}","timestamp":"2024-07-22T11:35:51.067Z"}
{"level":"\u001b[32minfo\u001b[39m","message":"{\"method\":\"POST\",\"url\":\"/api/v1/users/sign-in\",\"status\":\"200\",\"responseTime\":\"1081.751\"}","timestamp":"2024-07-24T07:22:41.649Z"}
{"level":"\u001b[32minfo\u001b[39m","message":"{\"method\":\"POST\",\"url\":\"/api/v1/users/login\",\"status\":\"200\",\"responseTime\":\"712.799\"}","timestamp":"2024-07-24T07:23:15.190Z"}
{"level":"\u001b[32minfo\u001b[39m","message":"{\"method\":\"POST\",\"url\":\"/api/v1/transaction/transaction\",\"status\":\"200\",\"responseTime\":\"139.317\"}","timestamp":"2024-07-24T07:23:20.922Z"}
{"level":"\u001b[32minfo\u001b[39m","message":"{\"method\":\"GET\",\"url\":\"/api/v1/transaction/transaction/1\",\"status\":\"200\",\"responseTime\":\"1121.438\"}","timestamp":"2024-07-24T07:25:45.779Z"}
{"level":"\u001b[32minfo\u001b[39m","message":"{\"method\":\"POST\",\"url\":\"/api/v1/users/sign-in\",\"status\":\"200\",\"responseTime\":\"988.013\"}","timestamp":"2024-07-24T07:29:58.701Z"}
{"level":"\u001b[32minfo\u001b[39m","message":"{\"method\":\"POST\",\"url\":\"/api/v1/users/login\",\"status\":\"500\",\"responseTime\":\"446.223\"}","timestamp":"2024-07-24T07:31:16.584Z"}
{"level":"\u001b[32minfo\u001b[39m","message":"{\"method\":\"GET\",\"url\":\"/api/v1/users/logout\",\"status\":\"200\",\"responseTime\":\"20.220\"}","timestamp":"2024-07-24T07:31:26.415Z"}
{"level":"\u001b[32minfo\u001b[39m","message":"{\"method\":\"POST\",\"url\":\"/api/v1/users/login\",\"status\":\"200\",\"responseTime\":\"141.041\"}","timestamp":"2024-07-24T07:31:53.859Z"}
{"level":"\u001b[32minfo\u001b[39m","message":"{\"method\":\"POST\",\"url\":\"/api/v1/transaction/transaction\",\"status\":\"200\",\"responseTime\":\"103.820\"}","timestamp":"2024-07-24T07:31:59.690Z"}
{"level":"\u001b[32minfo\u001b[39m","message":"{\"method\":\"GET\",\"url\":\"/api/v1/transaction/transaction/1\",\"status\":\"200\",\"responseTime\":\"96.070\"}","timestamp":"2024-07-24T07:32:06.969Z"}
{"level":"\u001b[32minfo\u001b[39m","message":"{\"method\":\"POST\",\"url\":\"/api/v1/transaction/transaction\",\"status\":\"500\",\"responseTime\":\"140.897\"}","timestamp":"2024-07-24T07:32:17.467Z"}
{"level":"\u001b[32minfo\u001b[39m","message":"{\"method\":\"POST\",\"url\":\"/api/v1/transaction/transaction\",\"status\":\"200\",\"responseTime\":\"11.496\"}","timestamp":"2024-07-24T07:32:38.427Z"}
{"level":"\u001b[32minfo\u001b[39m","message":"{\"method\":\"GET\",\"url\":\"/api/v1/transaction/transaction/1\",\"status\":\"200\",\"responseTime\":\"8.012\"}","timestamp":"2024-07-24T07:32:44.099Z"}
{"level":"\u001b[32minfo\u001b[39m","message":"{\"method\":\"GET\",\"url\":\"/api/v1/transaction/\",\"status\":\"404\",\"responseTime\":\"1335.548\"}","timestamp":"2024-07-24T07:57:51.411Z"}
{"level":"\u001b[32minfo\u001b[39m","message":"{\"method\":\"GET\",\"url\":\"/api/v1/transaction/\",\"status\":\"200\",\"responseTime\":\"547.459\"}","timestamp":"2024-07-24T07:58:52.594Z"}
{"level":"\u001b[32minfo\u001b[39m","message":"{\"method\":\"POST\",\"url\":\"/api/v1/transaction\",\"status\":\"200\",\"responseTime\":\"230.583\"}","timestamp":"2024-07-24T07:59:03.856Z"}
{"level":"\u001b[32minfo\u001b[39m","message":"{\"method\":\"GET\",\"url\":\"/api/v1/transaction\",\"status\":\"200\",\"responseTime\":\"7.371\"}","timestamp":"2024-07-24T07:59:10.429Z"}
